Processing SRR26087528...

2025-04-10T18:20:41 prefetch.2.11.3: Current preference is set to retrieve SRA Normalized Format files with full base quality scores.
2025-04-10T18:20:41 prefetch.2.11.3: 1) Downloading 'SRR26087528'...
2025-04-10T18:20:41 prefetch.2.11.3: SRA Normalized Format file is being retrieved, if this is different from your preference, it may be due to current file availability.
2025-04-10T18:20:41 prefetch.2.11.3:  Downloading via HTTPS...
2025-04-10T18:21:16 prefetch.2.11.3:  HTTPS download succeed
2025-04-10T18:21:17 prefetch.2.11.3:  'SRR26087528' is valid
2025-04-10T18:21:17 prefetch.2.11.3: 1) 'SRR26087528' was downloaded successfully
2025-04-10T18:21:17 prefetch.2.11.3: 'SRR26087528' has 0 unresolved dependencies
Running fasterq-dump on SRR26087528!
spots read      : 1,483,139
reads read      : 2,966,278
reads written   : 2,966,278
FASTQ files generated successfully for SRR26087528!
FASTQ files generated successfully for SRR26087528!
2025-04-10T18:21:30.280Z INFO  [sylph::sketch] Sketching paired sequences...
2025-04-10T18:21:40.732Z INFO  [sylph::sketch] Sketching sra_downloads/SRR26087528/SRR26087528_1.fastq.paired.sylsp complete.
2025-04-10T18:21:40.733Z INFO  [sylph::sketch] Finished.
2025-04-10T18:21:40.738Z INFO  [sylph::contain] Obtaining sketches...
2025-04-10T18:21:40.755Z INFO  [sylph::contain] Finished obtaining genome sketches.
2025-04-10T18:21:40.779Z INFO  [sylph::contain] sra_downloads/SRR26087528/SRR26087528_1.fastq.paired.sylsp taxonomic profiling; reassigning k-mers for 7 genomes...
2025-04-10T18:21:40.996Z INFO  [sylph::contain] sra_downloads/SRR26087528/SRR26087528_1.fastq.paired.sylsp has 1 genomes passing profiling threshold. 
2025-04-10T18:21:40.997Z INFO  [sylph::contain] sra_downloads/SRR26087528/SRR26087528_1.fastq.paired.sylsp has 100.00% of reads detected in database by profile
2025-04-10T18:21:40.997Z INFO  [sylph::contain] Finished sample sra_downloads/SRR26087528/SRR26087528_1.fastq.paired.sylsp.
2025-04-10T18:21:40.997Z INFO  [sylph::contain] sylph finished.
Finished processing SRR26087528 and removed directory.
Processing SRR29713985...

2025-04-10T18:21:42 prefetch.2.11.3: Current preference is set to retrieve SRA Normalized Format files with full base quality scores.
2025-04-10T18:21:42 prefetch.2.11.3: 1) Downloading 'SRR29713985'...
2025-04-10T18:21:42 prefetch.2.11.3: SRA Normalized Format file is being retrieved, if this is different from your preference, it may be due to current file availability.
2025-04-10T18:21:42 prefetch.2.11.3:  Downloading via HTTPS...
2025-04-10T18:22:08 prefetch.2.11.3:  HTTPS download succeed
2025-04-10T18:22:09 prefetch.2.11.3:  'SRR29713985' is valid
2025-04-10T18:22:09 prefetch.2.11.3: 1) 'SRR29713985' was downloaded successfully
2025-04-10T18:22:09 prefetch.2.11.3: 'SRR29713985' has 0 unresolved dependencies
Running fasterq-dump on SRR29713985!
spots read      : 1,078,644
reads read      : 2,157,288
reads written   : 2,157,288
FASTQ files generated successfully for SRR29713985!
FASTQ files generated successfully for SRR29713985!
2025-04-10T18:22:19.735Z INFO  [sylph::sketch] Sketching paired sequences...
2025-04-10T18:22:26.750Z INFO  [sylph::sketch] Sketching sra_downloads/SRR29713985/SRR29713985_1.fastq.paired.sylsp complete.
2025-04-10T18:22:26.751Z INFO  [sylph::sketch] Finished.
2025-04-10T18:22:26.757Z INFO  [sylph::contain] Obtaining sketches...
2025-04-10T18:22:26.773Z INFO  [sylph::contain] Finished obtaining genome sketches.
2025-04-10T18:22:26.803Z INFO  [sylph::contain] sra_downloads/SRR29713985/SRR29713985_1.fastq.paired.sylsp taxonomic profiling; reassigning k-mers for 12 genomes...
2025-04-10T18:22:27.177Z INFO  [sylph::contain] sra_downloads/SRR29713985/SRR29713985_1.fastq.paired.sylsp has 1 genomes passing profiling threshold. 
2025-04-10T18:22:27.179Z INFO  [sylph::contain] sra_downloads/SRR29713985/SRR29713985_1.fastq.paired.sylsp has 96.50% of reads detected in database by profile
2025-04-10T18:22:27.179Z INFO  [sylph::contain] Finished sample sra_downloads/SRR29713985/SRR29713985_1.fastq.paired.sylsp.
2025-04-10T18:22:27.179Z INFO  [sylph::contain] sylph finished.
Finished processing SRR29713985 and removed directory.
All 2 SRA IDs have been processed.
Test complete!
