Processing SRR059430...

2025-04-16T21:27:25 prefetch.2.11.3: Current preference is set to retrieve SRA Normalized Format files with full base quality scores.
2025-04-16T21:27:25 prefetch.2.11.3: 1) Downloading 'SRR059430'...
2025-04-16T21:27:25 prefetch.2.11.3: SRA Normalized Format file is being retrieved, if this is different from your preference, it may be due to current file availability.
2025-04-16T21:27:25 prefetch.2.11.3:  Downloading via HTTPS...
2025-04-16T22:14:54 prefetch.2.11.3:  HTTPS download succeed
2025-04-16T22:23:41 prefetch.2.11.3:  'SRR059430' is valid
2025-04-16T22:23:41 prefetch.2.11.3: 1) 'SRR059430' was downloaded successfully
Running fasterq-dump on SRR059430!
spots read      : 33,188,953
reads read      : 66,377,906
reads written   : 66,377,906
Paired end FASTQ files generated successfully for SRR059430!
2025-04-16T22:28:39.686Z INFO  [sylph::sketch] Sketching paired sequences...
2025-04-16T22:29:32.680Z INFO  [sylph::sketch] Sketching sra_downloads/SRR059430/SRR059430_1.fastq.paired.sylsp complete.
2025-04-16T22:29:32.707Z INFO  [sylph::sketch] Finished.
2025-04-16T22:29:32.757Z INFO  [sylph::contain] Obtaining sketches...
2025-04-16T22:29:33.199Z INFO  [sylph::contain] Finished obtaining genome sketches.
2025-04-16T22:29:33.494Z INFO  [sylph::contain] sra_downloads/SRR059430/SRR059430_1.fastq.paired.sylsp taxonomic profiling; reassigning k-mers for 0 genomes...
2025-04-16T22:29:33.494Z INFO  [sylph::contain] sra_downloads/SRR059430/SRR059430_1.fastq.paired.sylsp has 0 genomes passing profiling threshold. 
2025-04-16T22:29:33.518Z INFO  [sylph::contain] sra_downloads/SRR059430/SRR059430_1.fastq.paired.sylsp has 0.00% of reads detected in database by profile
2025-04-16T22:29:33.547Z INFO  [sylph::contain] Finished sample sra_downloads/SRR059430/SRR059430_1.fastq.paired.sylsp.
2025-04-16T22:29:33.547Z INFO  [sylph::contain] sylph finished.
Finished processing SRR059430 and removed directory.

Processing SRR059393...

2025-04-16T22:29:52 prefetch.2.11.3: Current preference is set to retrieve SRA Normalized Format files with full base quality scores.
2025-04-16T22:29:53 prefetch.2.11.3: 1) Downloading 'SRR059393'...
2025-04-16T22:29:53 prefetch.2.11.3: SRA Normalized Format file is being retrieved, if this is different from your preference, it may be due to current file availability.
2025-04-16T22:29:53 prefetch.2.11.3:  Downloading via HTTPS...
2025-04-16T23:17:18 prefetch.2.11.3:  HTTPS download succeed
2025-04-16T23:19:30 prefetch.2.11.3:  'SRR059393' is valid
2025-04-16T23:19:30 prefetch.2.11.3: 1) 'SRR059393' was downloaded successfully
Running fasterq-dump on SRR059393!
spots read      : 31,436,404
reads read      : 62,872,808
reads written   : 62,872,808
Paired end FASTQ files generated successfully for SRR059393!
2025-04-16T23:23:46.551Z INFO  [sylph::sketch] Sketching paired sequences...
2025-04-16T23:24:48.795Z INFO  [sylph::sketch] Sketching sra_downloads/SRR059393/SRR059393_1.fastq.paired.sylsp complete.
2025-04-16T23:24:48.850Z INFO  [sylph::sketch] Finished.
2025-04-16T23:24:48.856Z INFO  [sylph::contain] Obtaining sketches...
2025-04-16T23:24:48.873Z INFO  [sylph::contain] Finished obtaining genome sketches.
2025-04-16T23:24:49.374Z INFO  [sylph::contain] sra_downloads/SRR059393/SRR059393_1.fastq.paired.sylsp taxonomic profiling; reassigning k-mers for 0 genomes...
2025-04-16T23:24:49.374Z INFO  [sylph::contain] sra_downloads/SRR059393/SRR059393_1.fastq.paired.sylsp has 0 genomes passing profiling threshold. 
2025-04-16T23:24:49.416Z INFO  [sylph::contain] sra_downloads/SRR059393/SRR059393_1.fastq.paired.sylsp has 0.00% of reads detected in database by profile
2025-04-16T23:24:49.473Z INFO  [sylph::contain] Finished sample sra_downloads/SRR059393/SRR059393_1.fastq.paired.sylsp.
2025-04-16T23:24:49.473Z INFO  [sylph::contain] sylph finished.
Finished processing SRR059393 and removed directory.

Processing SRR059392...

2025-04-16T23:25:02 prefetch.2.11.3: Current preference is set to retrieve SRA Normalized Format files with full base quality scores.
2025-04-16T23:25:03 prefetch.2.11.3: 1) Downloading 'SRR059392'...
2025-04-16T23:25:03 prefetch.2.11.3: SRA Normalized Format file is being retrieved, if this is different from your preference, it may be due to current file availability.
2025-04-16T23:25:03 prefetch.2.11.3:  Downloading via HTTPS...
2025-04-16T23:52:50 prefetch.2.11.3:  HTTPS download succeed
2025-04-16T23:56:30 prefetch.2.11.3:  'SRR059392' is valid
2025-04-16T23:56:30 prefetch.2.11.3: 1) 'SRR059392' was downloaded successfully
Running fasterq-dump on SRR059392!
spots read      : 20,566,973
reads read      : 41,133,946
reads written   : 41,133,946
Paired end FASTQ files generated successfully for SRR059392!
2025-04-16T23:59:30.454Z INFO  [sylph::sketch] Sketching paired sequences...
2025-04-17T00:00:08.874Z INFO  [sylph::sketch] Sketching sra_downloads/SRR059392/SRR059392_1.fastq.paired.sylsp complete.
2025-04-17T00:00:08.902Z INFO  [sylph::sketch] Finished.
2025-04-17T00:00:08.908Z INFO  [sylph::contain] Obtaining sketches...
2025-04-17T00:00:09.127Z INFO  [sylph::contain] Finished obtaining genome sketches.
2025-04-17T00:00:09.424Z INFO  [sylph::contain] sra_downloads/SRR059392/SRR059392_1.fastq.paired.sylsp taxonomic profiling; reassigning k-mers for 0 genomes...
2025-04-17T00:00:09.424Z INFO  [sylph::contain] sra_downloads/SRR059392/SRR059392_1.fastq.paired.sylsp has 0 genomes passing profiling threshold. 
2025-04-17T00:00:09.446Z INFO  [sylph::contain] sra_downloads/SRR059392/SRR059392_1.fastq.paired.sylsp has 0.00% of reads detected in database by profile
2025-04-17T00:00:09.473Z INFO  [sylph::contain] Finished sample sra_downloads/SRR059392/SRR059392_1.fastq.paired.sylsp.
2025-04-17T00:00:09.474Z INFO  [sylph::contain] sylph finished.
Finished processing SRR059392 and removed directory.

Processing SRR017435...

2025-04-17T00:00:19 prefetch.2.11.3: Current preference is set to retrieve SRA Normalized Format files with full base quality scores.
2025-04-17T00:00:19 prefetch.2.11.3: 1) Downloading 'SRR017435'...
2025-04-17T00:00:19 prefetch.2.11.3: SRA Normalized Format file is being retrieved, if this is different from your preference, it may be due to current file availability.
2025-04-17T00:00:19 prefetch.2.11.3:  Downloading via HTTPS...
2025-04-17T00:00:52 prefetch.2.11.3:  HTTPS download succeed
2025-04-17T00:00:52 prefetch.2.11.3:  'SRR017435' is valid
2025-04-17T00:00:52 prefetch.2.11.3: 1) 'SRR017435' was downloaded successfully
Running fasterq-dump on SRR017435!
spots read      : 113,206
reads read      : 452,824
reads written   : 182,621
reads 0-length  : 87,132
technical reads : 183,071
FASTQ files not successfully generated for SRR017435
Test complete!
